SQL> SET ECHO ON
SQL> SET FEEDBACK ON
SQL> SET LINESIZE 100
SQL> SET PAGESIZE 200
SQL> SET SERVEROUTPUT ON
SQL> 
SQL> EXPLAIN PLAN FOR SELECT * FROM ORDER_DETAIL WHERE PRODUCT_NAME = 'BOLT' AND QUANTITY > 100;

Explained.

SQL> SELECT * FROM TABLE(DBMS_XPLAN.DISPLAY);

PLAN_TABLE_OUTPUT                                                                                   
----------------------------------------------------------------------------------------------------
Plan hash value: 43944565
 
----------------------------------------------------------------------------------
| Id  | Operation         | Name         | Rows  | Bytes | Cost (%CPU)| Time     |
----------------------------------------------------------------------------------
|   0 | SELECT STATEMENT  |              |     1 |    33 |     3   (0)| 00:00:01 |
|*  1 |  TABLE ACCESS FULL| ORDER_DETAIL |     1 |    33 |     3   (0)| 00:00:01 |
----------------------------------------------------------------------------------
 
Predicate Information (identified by operation id):
---------------------------------------------------
 
   1 - filter("QUANTITY">100 AND "PRODUCT_NAME"='BOLT')

13 rows selected. 

SQL> 
SQL> EXPLAIN PLAN FOR SELECT UNIT_PRICE FROM ORDER_DETAIL WHERE QUANTITY IN (100, 200, 300) OR DISCOUNT = 0.01;

Explained.

SQL> SELECT * FROM TABLE(DBMS_XPLAN.DISPLAY);

PLAN_TABLE_OUTPUT                                                                                   
----------------------------------------------------------------------------------------------------
Plan hash value: 43944565
 
----------------------------------------------------------------------------------
| Id  | Operation         | Name         | Rows  | Bytes | Cost (%CPU)| Time     |
----------------------------------------------------------------------------------
|   0 | SELECT STATEMENT  |              |     9 |    99 |     3   (0)| 00:00:01 |
|*  1 |  TABLE ACCESS FULL| ORDER_DETAIL |     9 |    99 |     3   (0)| 00:00:01 |
----------------------------------------------------------------------------------
 
Predicate Information (identified by operation id):
---------------------------------------------------
 
   1 - filter("DISCOUNT"=0.01 OR "QUANTITY"=100 OR "QUANTITY"=200 OR 
              "QUANTITY"=300)

14 rows selected. 

SQL> 
SQL> CREATE INDEX OD_INX_QD ON ORDER_DETAIL(QUANTITY,DISCOUNT,UNIT_PRICE);

Index OD_INX_QD created.

SQL> EXPLAIN PLAN FOR SELECT UNIT_PRICE FROM ORDER_DETAIL WHERE QUANTITY IN (100, 200, 300) OR DISCOUNT = 0.01;

Explained.

SQL> SELECT * FROM TABLE(DBMS_XPLAN.DISPLAY);

PLAN_TABLE_OUTPUT                                                                                   
----------------------------------------------------------------------------------------------------
Plan hash value: 3437936836
 
------------------------------------------------------------------------------
| Id  | Operation        | Name      | Rows  | Bytes | Cost (%CPU)| Time     |
------------------------------------------------------------------------------
|   0 | SELECT STATEMENT |           |     9 |    99 |     1   (0)| 00:00:01 |
|*  1 |  INDEX FULL SCAN | OD_INX_QD |     9 |    99 |     1   (0)| 00:00:01 |
------------------------------------------------------------------------------
 
Predicate Information (identified by operation id):
---------------------------------------------------
 
   1 - filter("DISCOUNT"=0.01 OR "QUANTITY"=100 OR "QUANTITY"=200 OR 
              "QUANTITY"=300)

14 rows selected. 

SQL> DROP INDEX OD_INX_QD;

Index OD_INX_QD dropped.

SQL> 
SQL> 
SQL> EXPLAIN PLAN FOR SELECT CATEGORY_NAME, SUPPLIER_NAME, COUNT(*)
  2  FROM PRODUCT
  3  GROUP BY CATEGORY_NAME, SUPPLIER_NAME;

Explained.

SQL> SELECT * FROM TABLE(DBMS_XPLAN.DISPLAY);

PLAN_TABLE_OUTPUT                                                                                   
----------------------------------------------------------------------------------------------------
Plan hash value: 2921987230
 
------------------------------------------------------------------------------
| Id  | Operation          | Name    | Rows  | Bytes | Cost (%CPU)| Time     |
------------------------------------------------------------------------------
|   0 | SELECT STATEMENT   |         |    77 |  2464 |     4  (25)| 00:00:01 |
|   1 |  HASH GROUP BY     |         |    77 |  2464 |     4  (25)| 00:00:01 |
|   2 |   TABLE ACCESS FULL| PRODUCT |    77 |  2464 |     3   (0)| 00:00:01 |
------------------------------------------------------------------------------

9 rows selected. 

SQL> CREATE INDEX PR_IDX_CS ON PRODUCT(CATEGORY_NAME,SUPPLIER_NAME);

Index PR_IDX_CS created.

SQL> EXPLAIN PLAN FOR SELECT CATEGORY_NAME, SUPPLIER_NAME, COUNT(*)
  2  FROM PRODUCT
  3  GROUP BY CATEGORY_NAME, SUPPLIER_NAME;

Explained.

SQL> SELECT * FROM TABLE(DBMS_XPLAN.DISPLAY);

PLAN_TABLE_OUTPUT                                                                                   
----------------------------------------------------------------------------------------------------
Plan hash value: 1250631831
 
----------------------------------------------------------------------------------
| Id  | Operation            | Name      | Rows  | Bytes | Cost (%CPU)| Time     |
----------------------------------------------------------------------------------
|   0 | SELECT STATEMENT     |           |    50 |  1600 |     1   (0)| 00:00:01 |
|   1 |  SORT GROUP BY NOSORT|           |    50 |  1600 |     1   (0)| 00:00:01 |
|   2 |   INDEX FULL SCAN    | PR_IDX_CS |    77 |  2464 |     1   (0)| 00:00:01 |
----------------------------------------------------------------------------------

9 rows selected. 

SQL> DROP INDEX PR_IDX_CS;

Index PR_IDX_CS dropped.

SQL> 
SQL> 
SQL> 
SQL> EXPLAIN PLAN FOR SELECT SUPPLIER_NAME, UNIT_PRICE
  2  FROM PRODUCT
  3  ORDER BY UNIT_PRICE, QUANTITY_PER_UNIT;

Explained.

SQL> SELECT * FROM TABLE(DBMS_XPLAN.DISPLAY);

PLAN_TABLE_OUTPUT                                                                                   
----------------------------------------------------------------------------------------------------
Plan hash value: 3416692823
 
------------------------------------------------------------------------------
| Id  | Operation          | Name    | Rows  | Bytes | Cost (%CPU)| Time     |
------------------------------------------------------------------------------
|   0 | SELECT STATEMENT   |         |    77 |  3080 |     4  (25)| 00:00:01 |
|   1 |  SORT ORDER BY     |         |    77 |  3080 |     4  (25)| 00:00:01 |
|   2 |   TABLE ACCESS FULL| PRODUCT |    77 |  3080 |     3   (0)| 00:00:01 |
------------------------------------------------------------------------------

9 rows selected. 

SQL> CREATE INDEX PR_IDX_UQ ON PRODUCT(UNIT_PRICE, QUANTITY_PER_UNIT,SUPPLIER_NAME);

Index PR_IDX_UQ created.

SQL> EXPLAIN PLAN FOR SELECT SUPPLIER_NAME, UNIT_PRICE
  2  FROM PRODUCT
  3  ORDER BY UNIT_PRICE, QUANTITY_PER_UNIT;

Explained.

SQL> SELECT * FROM TABLE(DBMS_XPLAN.DISPLAY);

PLAN_TABLE_OUTPUT                                                                                   
----------------------------------------------------------------------------------------------------
Plan hash value: 2461870713
 
------------------------------------------------------------------------------
| Id  | Operation        | Name      | Rows  | Bytes | Cost (%CPU)| Time     |
------------------------------------------------------------------------------
|   0 | SELECT STATEMENT |           |    77 |  3080 |     1   (0)| 00:00:01 |
|   1 |  INDEX FULL SCAN | PR_IDX_UQ |    77 |  3080 |     1   (0)| 00:00:01 |
------------------------------------------------------------------------------

8 rows selected. 

SQL> DROP INDEX PR_IDX_UQ;

Index PR_IDX_UQ dropped.

SQL> 
SQL> 
SQL> EXPLAIN PLAN FOR SELECT SUPPLIER.COMPANY_NAME, SUPPLIER.CITY
  2  FROM PRODUCT JOIN SUPPLIER
  3  ON PRODUCT.SUPPLIER_NAME = SUPPLIER.COMPANY_NAME;

Explained.

SQL> SELECT * FROM TABLE(DBMS_XPLAN.DISPLAY);

PLAN_TABLE_OUTPUT                                                                                   
----------------------------------------------------------------------------------------------------
Plan hash value: 514164901
 
--------------------------------------------------------------------------------------------
| Id  | Operation                    | Name        | Rows  | Bytes | Cost (%CPU)| Time     |
--------------------------------------------------------------------------------------------
|   0 | SELECT STATEMENT             |             |    77 |  3850 |     6  (17)| 00:00:01 |
|   1 |  MERGE JOIN                  |             |    77 |  3850 |     6  (17)| 00:00:01 |
|   2 |   TABLE ACCESS BY INDEX ROWID| SUPPLIER    |    29 |   870 |     2   (0)| 00:00:01 |
|   3 |    INDEX FULL SCAN           | PK_SUPPLIER |    29 |       |     1   (0)| 00:00:01 |
|*  4 |   SORT JOIN                  |             |    77 |  1540 |     4  (25)| 00:00:01 |
|   5 |    TABLE ACCESS FULL         | PRODUCT     |    77 |  1540 |     3   (0)| 00:00:01 |
--------------------------------------------------------------------------------------------
 
Predicate Information (identified by operation id):
---------------------------------------------------
 
   4 - access("PRODUCT"."SUPPLIER_NAME"="SUPPLIER"."COMPANY_NAME")
       filter("PRODUCT"."SUPPLIER_NAME"="SUPPLIER"."COMPANY_NAME")

18 rows selected. 

SQL> CREATE INDEX PR_IDX_SN ON PRODUCT(SUPPLIER_NAME);

Index PR_IDX_SN created.

SQL> CREATE INDEX SP_IDX_CN ON SUPPLIER(COMPANY_NAME,CITY);

Index SP_IDX_CN created.

SQL> EXPLAIN PLAN FOR SELECT SUPPLIER.COMPANY_NAME, SUPPLIER.CITY
  2  FROM PRODUCT JOIN SUPPLIER
  3  ON PRODUCT.SUPPLIER_NAME = SUPPLIER.COMPANY_NAME;

Explained.

SQL> SELECT * FROM TABLE(DBMS_XPLAN.DISPLAY);

PLAN_TABLE_OUTPUT                                                                                   
----------------------------------------------------------------------------------------------------
Plan hash value: 3715995570
 
-------------------------------------------------------------------------------
| Id  | Operation         | Name      | Rows  | Bytes | Cost (%CPU)| Time     |
-------------------------------------------------------------------------------
|   0 | SELECT STATEMENT  |           |    77 |  3850 |     1   (0)| 00:00:01 |
|   1 |  NESTED LOOPS     |           |    77 |  3850 |     1   (0)| 00:00:01 |
|   2 |   INDEX FULL SCAN | SP_IDX_CN |    29 |   870 |     1   (0)| 00:00:01 |
|*  3 |   INDEX RANGE SCAN| PR_IDX_SN |     3 |    60 |     0   (0)| 00:00:01 |
-------------------------------------------------------------------------------
 
Predicate Information (identified by operation id):
---------------------------------------------------
 
   3 - access("PRODUCT"."SUPPLIER_NAME"="SUPPLIER"."COMPANY_NAME")

15 rows selected. 

SQL> DROP INDEX PR_IDX_SN;

Index PR_IDX_SN dropped.

SQL> DROP INDEX SP_IDX_CN;

Index SP_IDX_CN dropped.

SQL> 
SQL> 
SQL> 
SQL> SPOOL OFF
